The system is: Linux - 3.10.0-1062.1.2.el7.x86_64 - x86_64
Compiling the CXX compiler identification source file "CMakeCXXCompilerId.cpp" succeeded.
Compiler: /usr/bin/c++ 
Build flags: 
Id flags:  

The output was:
0


Compilation of the CXX compiler identification source "CMakeCXXCompilerId.cpp" produced "a.out"

The CXX compiler identification is GNU, found in "/seaquest/users/apun/abi_project/abi_module/b/CMakeFiles/3.13.4/CompilerIdCXX/a.out"

Compiling the C compiler identification source file "CMakeCCompilerId.c" succeeded.
Compiler: /usr/bin/cc 
Build flags: 
Id flags:  

The output was:
0


Compilation of the C compiler identification source "CMakeCCompilerId.c" produced "a.out"

The C compiler identification is GNU, found in "/seaquest/users/apun/abi_project/abi_module/b/CMakeFiles/3.13.4/CompilerIdC/a.out"

Determining if the CXX compiler works passed with the following output:
Change Dir: /seaquest/users/apun/abi_project/abi_module/b/CMakeFiles/CMakeTmp

Run Build Command:"/usr/bin/gmake" "cmTC_d2836/fast"
/usr/bin/gmake -f CMakeFiles/cmTC_d2836.dir/build.make CMakeFiles/cmTC_d2836.dir/build
gmake[1]: Entering directory `/seaquest/users/apun/abi_project/abi_module/b/CMakeFiles/CMakeTmp'
Building CXX object CMakeFiles/cmTC_d2836.dir/testCXXCompiler.cxx.o
/usr/bin/c++     -o CMakeFiles/cmTC_d2836.dir/testCXXCompiler.cxx.o -c /seaquest/users/apun/abi_project/abi_module/b/CMakeFiles/CMakeTmp/testCXXCompiler.cxx
Linking CXX executable cmTC_d2836
/e906/app/software/osg/software/e1039/share/bin/cmake -E cmake_link_script CMakeFiles/cmTC_d2836.dir/link.txt --verbose=1
/usr/bin/c++       -rdynamic CMakeFiles/cmTC_d2836.dir/testCXXCompiler.cxx.o  -o cmTC_d2836 
gmake[1]: Leaving directory `/seaquest/users/apun/abi_project/abi_module/b/CMakeFiles/CMakeTmp'


Detecting CXX compiler ABI info compiled with the following output:
Change Dir: /seaquest/users/apun/abi_project/abi_module/b/CMakeFiles/CMakeTmp

Run Build Command:"/usr/bin/gmake" "cmTC_af66c/fast"
/usr/bin/gmake -f CMakeFiles/cmTC_af66c.dir/build.make CMakeFiles/cmTC_af66c.dir/build
gmake[1]: Entering directory `/seaquest/users/apun/abi_project/abi_module/b/CMakeFiles/CMakeTmp'
Building CXX object CMakeFiles/cmTC_af66c.dir/CMakeCXXCompilerABI.cpp.o
/usr/bin/c++     -o CMakeFiles/cmTC_af66c.dir/CMakeCXXCompilerABI.cpp.o -c /e906/app/software/osg/software/e1039/share/share/cmake-3.13/Modules/CMakeCXXCompilerABI.cpp
Linking CXX executable cmTC_af66c
/e906/app/software/osg/software/e1039/share/bin/cmake -E cmake_link_script CMakeFiles/cmTC_af66c.dir/link.txt --verbose=1
/usr/bin/c++      -v -rdynamic CMakeFiles/cmTC_af66c.dir/CMakeCXXCompilerABI.cpp.o  -o cmTC_af66c 
Using built-in specs.
COLLECT_GCC=/usr/bin/c++
COLLECT_LTO_WRAPPER=/usr/libexec/gcc/x86_64-redhat-linux/4.8.5/lto-wrapper
Target: x86_64-redhat-linux
Configured with: ../configure --prefix=/usr --mandir=/usr/share/man --infodir=/usr/share/info --with-bugurl=http://bugzilla.redhat.com/bugzilla --enable-bootstrap --enable-shared --enable-threads=posix --enable-checking=release --with-system-zlib --enable-__cxa_atexit --disable-libunwind-exceptions --enable-gnu-unique-object --enable-linker-build-id --with-linker-hash-style=gnu --enable-languages=c,c++,objc,obj-c++,java,fortran,ada,go,lto --enable-plugin --enable-initfini-array --disable-libgcj --with-isl=/builddir/build/BUILD/gcc-4.8.5-20150702/obj-x86_64-redhat-linux/isl-install --with-cloog=/builddir/build/BUILD/gcc-4.8.5-20150702/obj-x86_64-redhat-linux/cloog-install --enable-gnu-indirect-function --with-tune=generic --with-arch_32=x86-64 --build=x86_64-redhat-linux
Thread model: posix
gcc version 4.8.5 20150623 (Red Hat 4.8.5-39) (GCC) 
COMPILER_PATH=/usr/libexec/gcc/x86_64-redhat-linux/4.8.5/:/usr/libexec/gcc/x86_64-redhat-linux/4.8.5/:/usr/libexec/gcc/x86_64-redhat-linux/:/usr/lib/gcc/x86_64-redhat-linux/4.8.5/:/usr/lib/gcc/x86_64-redhat-linux/
LIBRARY_PATH=/e906/app/software/osg/software/e1039/share/lib/../lib64/:/e906/app/software/osg/software/e1039/share/lib64/../lib64/:/usr/lib/gcc/x86_64-redhat-linux/4.8.5/:/usr/lib/gcc/x86_64-redhat-linux/4.8.5/../../../../lib64/:/lib/../lib64/:/usr/lib/../lib64/:/e906/app/software/osg/software/e1039/core/pr.61/lib/:/e906/app/software/osg/software/e1039/share/lib/:/e906/app/software/osg/software/e1039/share/lib64/:./:/usr/lib/gcc/x86_64-redhat-linux/4.8.5/../../../:/lib/:/usr/lib/
COLLECT_GCC_OPTIONS='-v' '-rdynamic' '-o' 'cmTC_af66c' '-shared-libgcc' '-mtune=generic' '-march=x86-64'
 /usr/libexec/gcc/x86_64-redhat-linux/4.8.5/collect2 --build-id --no-add-needed --eh-frame-hdr --hash-style=gnu -m elf_x86_64 -export-dynamic -dynamic-linker /lib64/ld-linux-x86-64.so.2 -o cmTC_af66c /usr/lib/gcc/x86_64-redhat-linux/4.8.5/../../../../lib64/crt1.o /usr/lib/gcc/x86_64-redhat-linux/4.8.5/../../../../lib64/crti.o /usr/lib/gcc/x86_64-redhat-linux/4.8.5/crtbegin.o -L/e906/app/software/osg/software/e1039/share/lib/../lib64 -L/e906/app/software/osg/software/e1039/share/lib64/../lib64 -L/usr/lib/gcc/x86_64-redhat-linux/4.8.5 -L/usr/lib/gcc/x86_64-redhat-linux/4.8.5/../../../../lib64 -L/lib/../lib64 -L/usr/lib/../lib64 -L/e906/app/software/osg/software/e1039/core/pr.61/lib -L/e906/app/software/osg/software/e1039/share/lib -L/e906/app/software/osg/software/e1039/share/lib64 -L. -L/usr/lib/gcc/x86_64-redhat-linux/4.8.5/../../.. CMakeFiles/cmTC_af66c.dir/CMakeCXXCompilerABI.cpp.o -lstdc++ -lm -lgcc_s -lgcc -lc -lgcc_s -lgcc /usr/lib/gcc/x86_64-redhat-linux/4.8.5/crtend.o /usr/lib/gcc/x86_64-redhat-linux/4.8.5/../../../../lib64/crtn.o
gmake[1]: Leaving directory `/seaquest/users/apun/abi_project/abi_module/b/CMakeFiles/CMakeTmp'


Parsed CXX implicit link information from above output:
  link line regex: [^( *|.*[/\])(ld|CMAKE_LINK_STARTFILE-NOTFOUND|([^/\]+-)?ld|collect2)[^/\]*( |$)]
  ignore line: [Change Dir: /seaquest/users/apun/abi_project/abi_module/b/CMakeFiles/CMakeTmp]
  ignore line: []
  ignore line: [Run Build Command:"/usr/bin/gmake" "cmTC_af66c/fast"]
  ignore line: [/usr/bin/gmake -f CMakeFiles/cmTC_af66c.dir/build.make CMakeFiles/cmTC_af66c.dir/build]
  ignore line: [gmake[1]: Entering directory `/seaquest/users/apun/abi_project/abi_module/b/CMakeFiles/CMakeTmp']
  ignore line: [Building CXX object CMakeFiles/cmTC_af66c.dir/CMakeCXXCompilerABI.cpp.o]
  ignore line: [/usr/bin/c++     -o CMakeFiles/cmTC_af66c.dir/CMakeCXXCompilerABI.cpp.o -c /e906/app/software/osg/software/e1039/share/share/cmake-3.13/Modules/CMakeCXXCompilerABI.cpp]
  ignore line: [Linking CXX executable cmTC_af66c]
  ignore line: [/e906/app/software/osg/software/e1039/share/bin/cmake -E cmake_link_script CMakeFiles/cmTC_af66c.dir/link.txt --verbose=1]
  ignore line: [/usr/bin/c++      -v -rdynamic CMakeFiles/cmTC_af66c.dir/CMakeCXXCompilerABI.cpp.o  -o cmTC_af66c ]
  ignore line: [Using built-in specs.]
  ignore line: [COLLECT_GCC=/usr/bin/c++]
  ignore line: [COLLECT_LTO_WRAPPER=/usr/libexec/gcc/x86_64-redhat-linux/4.8.5/lto-wrapper]
  ignore line: [Target: x86_64-redhat-linux]
  ignore line: [Configured with: ../configure --prefix=/usr --mandir=/usr/share/man --infodir=/usr/share/info --with-bugurl=http://bugzilla.redhat.com/bugzilla --enable-bootstrap --enable-shared --enable-threads=posix --enable-checking=release --with-system-zlib --enable-__cxa_atexit --disable-libunwind-exceptions --enable-gnu-unique-object --enable-linker-build-id --with-linker-hash-style=gnu --enable-languages=c,c++,objc,obj-c++,java,fortran,ada,go,lto --enable-plugin --enable-initfini-array --disable-libgcj --with-isl=/builddir/build/BUILD/gcc-4.8.5-20150702/obj-x86_64-redhat-linux/isl-install --with-cloog=/builddir/build/BUILD/gcc-4.8.5-20150702/obj-x86_64-redhat-linux/cloog-install --enable-gnu-indirect-function --with-tune=generic --with-arch_32=x86-64 --build=x86_64-redhat-linux]
  ignore line: [Thread model: posix]
  ignore line: [gcc version 4.8.5 20150623 (Red Hat 4.8.5-39) (GCC) ]
  ignore line: [COMPILER_PATH=/usr/libexec/gcc/x86_64-redhat-linux/4.8.5/:/usr/libexec/gcc/x86_64-redhat-linux/4.8.5/:/usr/libexec/gcc/x86_64-redhat-linux/:/usr/lib/gcc/x86_64-redhat-linux/4.8.5/:/usr/lib/gcc/x86_64-redhat-linux/]
  ignore line: [LIBRARY_PATH=/e906/app/software/osg/software/e1039/share/lib/../lib64/:/e906/app/software/osg/software/e1039/share/lib64/../lib64/:/usr/lib/gcc/x86_64-redhat-linux/4.8.5/:/usr/lib/gcc/x86_64-redhat-linux/4.8.5/../../../../lib64/:/lib/../lib64/:/usr/lib/../lib64/:/e906/app/software/osg/software/e1039/core/pr.61/lib/:/e906/app/software/osg/software/e1039/share/lib/:/e906/app/software/osg/software/e1039/share/lib64/:./:/usr/lib/gcc/x86_64-redhat-linux/4.8.5/../../../:/lib/:/usr/lib/]
  ignore line: [COLLECT_GCC_OPTIONS='-v' '-rdynamic' '-o' 'cmTC_af66c' '-shared-libgcc' '-mtune=generic' '-march=x86-64']
  link line: [ /usr/libexec/gcc/x86_64-redhat-linux/4.8.5/collect2 --build-id --no-add-needed --eh-frame-hdr --hash-style=gnu -m elf_x86_64 -export-dynamic -dynamic-linker /lib64/ld-linux-x86-64.so.2 -o cmTC_af66c /usr/lib/gcc/x86_64-redhat-linux/4.8.5/../../../../lib64/crt1.o /usr/lib/gcc/x86_64-redhat-linux/4.8.5/../../../../lib64/crti.o /usr/lib/gcc/x86_64-redhat-linux/4.8.5/crtbegin.o -L/e906/app/software/osg/software/e1039/share/lib/../lib64 -L/e906/app/software/osg/software/e1039/share/lib64/../lib64 -L/usr/lib/gcc/x86_64-redhat-linux/4.8.5 -L/usr/lib/gcc/x86_64-redhat-linux/4.8.5/../../../../lib64 -L/lib/../lib64 -L/usr/lib/../lib64 -L/e906/app/software/osg/software/e1039/core/pr.61/lib -L/e906/app/software/osg/software/e1039/share/lib -L/e906/app/software/osg/software/e1039/share/lib64 -L. -L/usr/lib/gcc/x86_64-redhat-linux/4.8.5/../../.. CMakeFiles/cmTC_af66c.dir/CMakeCXXCompilerABI.cpp.o -lstdc++ -lm -lgcc_s -lgcc -lc -lgcc_s -lgcc /usr/lib/gcc/x86_64-redhat-linux/4.8.5/crtend.o /usr/lib/gcc/x86_64-redhat-linux/4.8.5/../../../../lib64/crtn.o]
    arg [/usr/libexec/gcc/x86_64-redhat-linux/4.8.5/collect2] ==> ignore
    arg [--build-id] ==> ignore
    arg [--no-add-needed] ==> ignore
    arg [--eh-frame-hdr] ==> ignore
    arg [--hash-style=gnu] ==> ignore
    arg [-m] ==> ignore
    arg [elf_x86_64] ==> ignore
    arg [-export-dynamic] ==> ignore
    arg [-dynamic-linker] ==> ignore
    arg [/lib64/ld-linux-x86-64.so.2] ==> ignore
    arg [-o] ==> ignore
    arg [cmTC_af66c] ==> ignore
    arg [/usr/lib/gcc/x86_64-redhat-linux/4.8.5/../../../../lib64/crt1.o] ==> ignore
    arg [/usr/lib/gcc/x86_64-redhat-linux/4.8.5/../../../../lib64/crti.o] ==> ignore
    arg [/usr/lib/gcc/x86_64-redhat-linux/4.8.5/crtbegin.o] ==> ignore
    arg [-L/e906/app/software/osg/software/e1039/share/lib/../lib64] ==> dir [/e906/app/software/osg/software/e1039/share/lib/../lib64]
    arg [-L/e906/app/software/osg/software/e1039/share/lib64/../lib64] ==> dir [/e906/app/software/osg/software/e1039/share/lib64/../lib64]
    arg [-L/usr/lib/gcc/x86_64-redhat-linux/4.8.5] ==> dir [/usr/lib/gcc/x86_64-redhat-linux/4.8.5]
    arg [-L/usr/lib/gcc/x86_64-redhat-linux/4.8.5/../../../../lib64] ==> dir [/usr/lib/gcc/x86_64-redhat-linux/4.8.5/../../../../lib64]
    arg [-L/lib/../lib64] ==> dir [/lib/../lib64]
    arg [-L/usr/lib/../lib64] ==> dir [/usr/lib/../lib64]
    arg [-L/e906/app/software/osg/software/e1039/core/pr.61/lib] ==> dir [/e906/app/software/osg/software/e1039/core/pr.61/lib]
    arg [-L/e906/app/software/osg/software/e1039/share/lib] ==> dir [/e906/app/software/osg/software/e1039/share/lib]
    arg [-L/e906/app/software/osg/software/e1039/share/lib64] ==> dir [/e906/app/software/osg/software/e1039/share/lib64]
    arg [-L.] ==> ignore
    arg [-L/usr/lib/gcc/x86_64-redhat-linux/4.8.5/../../..] ==> dir [/usr/lib/gcc/x86_64-redhat-linux/4.8.5/../../..]
    arg [CMakeFiles/cmTC_af66c.dir/CMakeCXXCompilerABI.cpp.o] ==> ignore
    arg [-lstdc++] ==> lib [stdc++]
    arg [-lm] ==> lib [m]
    arg [-lgcc_s] ==> lib [gcc_s]
    arg [-lgcc] ==> lib [gcc]
    arg [-lc] ==> lib [c]
    arg [-lgcc_s] ==> lib [gcc_s]
    arg [-lgcc] ==> lib [gcc]
    arg [/usr/lib/gcc/x86_64-redhat-linux/4.8.5/crtend.o] ==> ignore
    arg [/usr/lib/gcc/x86_64-redhat-linux/4.8.5/../../../../lib64/crtn.o] ==> ignore
  collapse library dir [/e906/app/software/osg/software/e1039/share/lib/../lib64] ==> [/e906/app/software/osg/software/e1039/share/lib64]
  collapse library dir [/e906/app/software/osg/software/e1039/share/lib64/../lib64] ==> [/e906/app/software/osg/software/e1039/share/lib64]
  collapse library dir [/usr/lib/gcc/x86_64-redhat-linux/4.8.5] ==> [/usr/lib/gcc/x86_64-redhat-linux/4.8.5]
  collapse library dir [/usr/lib/gcc/x86_64-redhat-linux/4.8.5/../../../../lib64] ==> [/usr/lib64]
  collapse library dir [/lib/../lib64] ==> [/lib64]
  collapse library dir [/usr/lib/../lib64] ==> [/usr/lib64]
  collapse library dir [/e906/app/software/osg/software/e1039/core/pr.61/lib] ==> [/e906/app/software/osg/software/e1039/core/pr.61/lib]
  collapse library dir [/e906/app/software/osg/software/e1039/share/lib] ==> [/e906/app/software/osg/software/e1039/share/lib]
  collapse library dir [/e906/app/software/osg/software/e1039/share/lib64] ==> [/e906/app/software/osg/software/e1039/share/lib64]
  collapse library dir [/usr/lib/gcc/x86_64-redhat-linux/4.8.5/../../..] ==> [/usr/lib]
  implicit libs: [stdc++;m;gcc_s;gcc;c;gcc_s;gcc]
  implicit dirs: [/e906/app/software/osg/software/e1039/share/lib64;/usr/lib/gcc/x86_64-redhat-linux/4.8.5;/usr/lib64;/lib64;/e906/app/software/osg/software/e1039/core/pr.61/lib;/e906/app/software/osg/software/e1039/share/lib;/usr/lib]
  implicit fwks: []




Detecting CXX [-std=c++1y] compiler features compiled with the following output:
Change Dir: /seaquest/users/apun/abi_project/abi_module/b/CMakeFiles/CMakeTmp

Run Build Command:"/usr/bin/gmake" "cmTC_c802c/fast"
/usr/bin/gmake -f CMakeFiles/cmTC_c802c.dir/build.make CMakeFiles/cmTC_c802c.dir/build
gmake[1]: Entering directory `/seaquest/users/apun/abi_project/abi_module/b/CMakeFiles/CMakeTmp'
Building CXX object CMakeFiles/cmTC_c802c.dir/feature_tests.cxx.o
/usr/bin/c++    -std=c++1y -o CMakeFiles/cmTC_c802c.dir/feature_tests.cxx.o -c /seaquest/users/apun/abi_project/abi_module/b/CMakeFiles/feature_tests.cxx
Linking CXX executable cmTC_c802c
/e906/app/software/osg/software/e1039/share/bin/cmake -E cmake_link_script CMakeFiles/cmTC_c802c.dir/link.txt --verbose=1
/usr/bin/c++       -rdynamic CMakeFiles/cmTC_c802c.dir/feature_tests.cxx.o  -o cmTC_c802c 
gmake[1]: Leaving directory `/seaquest/users/apun/abi_project/abi_module/b/CMakeFiles/CMakeTmp'


    Feature record: CXX_FEATURE:0cxx_aggregate_default_initializers
    Feature record: CXX_FEATURE:1cxx_alias_templates
    Feature record: CXX_FEATURE:1cxx_alignas
    Feature record: CXX_FEATURE:1cxx_alignof
    Feature record: CXX_FEATURE:1cxx_attributes
    Feature record: CXX_FEATURE:0cxx_attribute_deprecated
    Feature record: CXX_FEATURE:1cxx_auto_type
    Feature record: CXX_FEATURE:0cxx_binary_literals
    Feature record: CXX_FEATURE:1cxx_constexpr
    Feature record: CXX_FEATURE:0cxx_contextual_conversions
    Feature record: CXX_FEATURE:1cxx_decltype
    Feature record: CXX_FEATURE:0cxx_decltype_auto
    Feature record: CXX_FEATURE:1cxx_decltype_incomplete_return_types
    Feature record: CXX_FEATURE:1cxx_default_function_template_args
    Feature record: CXX_FEATURE:1cxx_defaulted_functions
    Feature record: CXX_FEATURE:1cxx_defaulted_move_initializers
    Feature record: CXX_FEATURE:1cxx_delegating_constructors
    Feature record: CXX_FEATURE:1cxx_deleted_functions
    Feature record: CXX_FEATURE:0cxx_digit_separators
    Feature record: CXX_FEATURE:1cxx_enum_forward_declarations
    Feature record: CXX_FEATURE:1cxx_explicit_conversions
    Feature record: CXX_FEATURE:1cxx_extended_friend_declarations
    Feature record: CXX_FEATURE:1cxx_extern_templates
    Feature record: CXX_FEATURE:1cxx_final
    Feature record: CXX_FEATURE:1cxx_func_identifier
    Feature record: CXX_FEATURE:1cxx_generalized_initializers
    Feature record: CXX_FEATURE:0cxx_generic_lambdas
    Feature record: CXX_FEATURE:1cxx_inheriting_constructors
    Feature record: CXX_FEATURE:1cxx_inline_namespaces
    Feature record: CXX_FEATURE:1cxx_lambdas
    Feature record: CXX_FEATURE:0cxx_lambda_init_captures
    Feature record: CXX_FEATURE:1cxx_local_type_template_args
    Feature record: CXX_FEATURE:1cxx_long_long_type
    Feature record: CXX_FEATURE:1cxx_noexcept
    Feature record: CXX_FEATURE:1cxx_nonstatic_member_init
    Feature record: CXX_FEATURE:1cxx_nullptr
    Feature record: CXX_FEATURE:1cxx_override
    Feature record: CXX_FEATURE:1cxx_range_for
    Feature record: CXX_FEATURE:1cxx_raw_string_literals
    Feature record: CXX_FEATURE:1cxx_reference_qualified_functions
    Feature record: CXX_FEATURE:0cxx_relaxed_constexpr
    Feature record: CXX_FEATURE:0cxx_return_type_deduction
    Feature record: CXX_FEATURE:1cxx_right_angle_brackets
    Feature record: CXX_FEATURE:1cxx_rvalue_references
    Feature record: CXX_FEATURE:1cxx_sizeof_member
    Feature record: CXX_FEATURE:1cxx_static_assert
    Feature record: CXX_FEATURE:1cxx_strong_enums
    Feature record: CXX_FEATURE:1cxx_template_template_parameters
    Feature record: CXX_FEATURE:1cxx_thread_local
    Feature record: CXX_FEATURE:1cxx_trailing_return_types
    Feature record: CXX_FEATURE:1cxx_unicode_literals
    Feature record: CXX_FEATURE:1cxx_uniform_initialization
    Feature record: CXX_FEATURE:1cxx_unrestricted_unions
    Feature record: CXX_FEATURE:1cxx_user_literals
    Feature record: CXX_FEATURE:0cxx_variable_templates
    Feature record: CXX_FEATURE:1cxx_variadic_macros
    Feature record: CXX_FEATURE:1cxx_variadic_templates


Detecting CXX [-std=c++11] compiler features compiled with the following output:
Change Dir: /seaquest/users/apun/abi_project/abi_module/b/CMakeFiles/CMakeTmp

Run Build Command:"/usr/bin/gmake" "cmTC_b3793/fast"
/usr/bin/gmake -f CMakeFiles/cmTC_b3793.dir/build.make CMakeFiles/cmTC_b3793.dir/build
gmake[1]: Entering directory `/seaquest/users/apun/abi_project/abi_module/b/CMakeFiles/CMakeTmp'
Building CXX object CMakeFiles/cmTC_b3793.dir/feature_tests.cxx.o
/usr/bin/c++    -std=c++11 -o CMakeFiles/cmTC_b3793.dir/feature_tests.cxx.o -c /seaquest/users/apun/abi_project/abi_module/b/CMakeFiles/feature_tests.cxx
Linking CXX executable cmTC_b3793
/e906/app/software/osg/software/e1039/share/bin/cmake -E cmake_link_script CMakeFiles/cmTC_b3793.dir/link.txt --verbose=1
/usr/bin/c++       -rdynamic CMakeFiles/cmTC_b3793.dir/feature_tests.cxx.o  -o cmTC_b3793 
gmake[1]: Leaving directory `/seaquest/users/apun/abi_project/abi_module/b/CMakeFiles/CMakeTmp'


    Feature record: CXX_FEATURE:0cxx_aggregate_default_initializers
    Feature record: CXX_FEATURE:1cxx_alias_templates
    Feature record: CXX_FEATURE:1cxx_alignas
    Feature record: CXX_FEATURE:1cxx_alignof
    Feature record: CXX_FEATURE:1cxx_attributes
    Feature record: CXX_FEATURE:0cxx_attribute_deprecated
    Feature record: CXX_FEATURE:1cxx_auto_type
    Feature record: CXX_FEATURE:0cxx_binary_literals
    Feature record: CXX_FEATURE:1cxx_constexpr
    Feature record: CXX_FEATURE:0cxx_contextual_conversions
    Feature record: CXX_FEATURE:1cxx_decltype
    Feature record: CXX_FEATURE:0cxx_decltype_auto
    Feature record: CXX_FEATURE:1cxx_decltype_incomplete_return_types
    Feature record: CXX_FEATURE:1cxx_default_function_template_args
    Feature record: CXX_FEATURE:1cxx_defaulted_functions
    Feature record: CXX_FEATURE:1cxx_defaulted_move_initializers
    Feature record: CXX_FEATURE:1cxx_delegating_constructors
    Feature record: CXX_FEATURE:1cxx_deleted_functions
    Feature record: CXX_FEATURE:0cxx_digit_separators
    Feature record: CXX_FEATURE:1cxx_enum_forward_declarations
    Feature record: CXX_FEATURE:1cxx_explicit_conversions
    Feature record: CXX_FEATURE:1cxx_extended_friend_declarations
    Feature record: CXX_FEATURE:1cxx_extern_templates
    Feature record: CXX_FEATURE:1cxx_final
    Feature record: CXX_FEATURE:1cxx_func_identifier
    Feature record: CXX_FEATURE:1cxx_generalized_initializers
    Feature record: CXX_FEATURE:0cxx_generic_lambdas
    Feature record: CXX_FEATURE:1cxx_inheriting_constructors
    Feature record: CXX_FEATURE:1cxx_inline_namespaces
    Feature record: CXX_FEATURE:1cxx_lambdas
    Feature record: CXX_FEATURE:0cxx_lambda_init_captures
    Feature record: CXX_FEATURE:1cxx_local_type_template_args
    Feature record: CXX_FEATURE:1cxx_long_long_type
    Feature record: CXX_FEATURE:1cxx_noexcept
    Feature record: CXX_FEATURE:1cxx_nonstatic_member_init
    Feature record: CXX_FEATURE:1cxx_nullptr
    Feature record: CXX_FEATURE:1cxx_override
    Feature record: CXX_FEATURE:1cxx_range_for
    Feature record: CXX_FEATURE:1cxx_raw_string_literals
    Feature record: CXX_FEATURE:1cxx_reference_qualified_functions
    Feature record: CXX_FEATURE:0cxx_relaxed_constexpr
    Feature record: CXX_FEATURE:0cxx_return_type_deduction
    Feature record: CXX_FEATURE:1cxx_right_angle_brackets
    Feature record: CXX_FEATURE:1cxx_rvalue_references
    Feature record: CXX_FEATURE:1cxx_sizeof_member
    Feature record: CXX_FEATURE:1cxx_static_assert
    Feature record: CXX_FEATURE:1cxx_strong_enums
    Feature record: CXX_FEATURE:1cxx_template_template_parameters
    Feature record: CXX_FEATURE:1cxx_thread_local
    Feature record: CXX_FEATURE:1cxx_trailing_return_types
    Feature record: CXX_FEATURE:1cxx_unicode_literals
    Feature record: CXX_FEATURE:1cxx_uniform_initialization
    Feature record: CXX_FEATURE:1cxx_unrestricted_unions
    Feature record: CXX_FEATURE:1cxx_user_literals
    Feature record: CXX_FEATURE:0cxx_variable_templates
    Feature record: CXX_FEATURE:1cxx_variadic_macros
    Feature record: CXX_FEATURE:1cxx_variadic_templates


Detecting CXX [-std=c++98] compiler features compiled with the following output:
Change Dir: /seaquest/users/apun/abi_project/abi_module/b/CMakeFiles/CMakeTmp

Run Build Command:"/usr/bin/gmake" "cmTC_536b6/fast"
/usr/bin/gmake -f CMakeFiles/cmTC_536b6.dir/build.make CMakeFiles/cmTC_536b6.dir/build
gmake[1]: Entering directory `/seaquest/users/apun/abi_project/abi_module/b/CMakeFiles/CMakeTmp'
Building CXX object CMakeFiles/cmTC_536b6.dir/feature_tests.cxx.o
/usr/bin/c++    -std=c++98 -o CMakeFiles/cmTC_536b6.dir/feature_tests.cxx.o -c /seaquest/users/apun/abi_project/abi_module/b/CMakeFiles/feature_tests.cxx
Linking CXX executable cmTC_536b6
/e906/app/software/osg/software/e1039/share/bin/cmake -E cmake_link_script CMakeFiles/cmTC_536b6.dir/link.txt --verbose=1
/usr/bin/c++       -rdynamic CMakeFiles/cmTC_536b6.dir/feature_tests.cxx.o  -o cmTC_536b6 
gmake[1]: Leaving directory `/seaquest/users/apun/abi_project/abi_module/b/CMakeFiles/CMakeTmp'


    Feature record: CXX_FEATURE:0cxx_aggregate_default_initializers
    Feature record: CXX_FEATURE:0cxx_alias_templates
    Feature record: CXX_FEATURE:0cxx_alignas
    Feature record: CXX_FEATURE:0cxx_alignof
    Feature record: CXX_FEATURE:0cxx_attributes
    Feature record: CXX_FEATURE:0cxx_attribute_deprecated
    Feature record: CXX_FEATURE:0cxx_auto_type
    Feature record: CXX_FEATURE:0cxx_binary_literals
    Feature record: CXX_FEATURE:0cxx_constexpr
    Feature record: CXX_FEATURE:0cxx_contextual_conversions
    Feature record: CXX_FEATURE:0cxx_decltype
    Feature record: CXX_FEATURE:0cxx_decltype_auto
    Feature record: CXX_FEATURE:0cxx_decltype_incomplete_return_types
    Feature record: CXX_FEATURE:0cxx_default_function_template_args
    Feature record: CXX_FEATURE:0cxx_defaulted_functions
    Feature record: CXX_FEATURE:0cxx_defaulted_move_initializers
    Feature record: CXX_FEATURE:0cxx_delegating_constructors
    Feature record: CXX_FEATURE:0cxx_deleted_functions
    Feature record: CXX_FEATURE:0cxx_digit_separators
    Feature record: CXX_FEATURE:0cxx_enum_forward_declarations
    Feature record: CXX_FEATURE:0cxx_explicit_conversions
    Feature record: CXX_FEATURE:0cxx_extended_friend_declarations
    Feature record: CXX_FEATURE:0cxx_extern_templates
    Feature record: CXX_FEATURE:0cxx_final
    Feature record: CXX_FEATURE:0cxx_func_identifier
    Feature record: CXX_FEATURE:0cxx_generalized_initializers
    Feature record: CXX_FEATURE:0cxx_generic_lambdas
    Feature record: CXX_FEATURE:0cxx_inheriting_constructors
    Feature record: CXX_FEATURE:0cxx_inline_namespaces
    Feature record: CXX_FEATURE:0cxx_lambdas
    Feature record: CXX_FEATURE:0cxx_lambda_init_captures
    Feature record: CXX_FEATURE:0cxx_local_type_template_args
    Feature record: CXX_FEATURE:0cxx_long_long_type
    Feature record: CXX_FEATURE:0cxx_noexcept
    Feature record: CXX_FEATURE:0cxx_nonstatic_member_init
    Feature record: CXX_FEATURE:0cxx_nullptr
    Feature record: CXX_FEATURE:0cxx_override
    Feature record: CXX_FEATURE:0cxx_range_for
    Feature record: CXX_FEATURE:0cxx_raw_string_literals
    Feature record: CXX_FEATURE:0cxx_reference_qualified_functions
    Feature record: CXX_FEATURE:0cxx_relaxed_constexpr
    Feature record: CXX_FEATURE:0cxx_return_type_deduction
    Feature record: CXX_FEATURE:0cxx_right_angle_brackets
    Feature record: CXX_FEATURE:0cxx_rvalue_references
    Feature record: CXX_FEATURE:0cxx_sizeof_member
    Feature record: CXX_FEATURE:0cxx_static_assert
    Feature record: CXX_FEATURE:0cxx_strong_enums
    Feature record: CXX_FEATURE:1cxx_template_template_parameters
    Feature record: CXX_FEATURE:0cxx_thread_local
    Feature record: CXX_FEATURE:0cxx_trailing_return_types
    Feature record: CXX_FEATURE:0cxx_unicode_literals
    Feature record: CXX_FEATURE:0cxx_uniform_initialization
    Feature record: CXX_FEATURE:0cxx_unrestricted_unions
    Feature record: CXX_FEATURE:0cxx_user_literals
    Feature record: CXX_FEATURE:0cxx_variable_templates
    Feature record: CXX_FEATURE:0cxx_variadic_macros
    Feature record: CXX_FEATURE:0cxx_variadic_templates
Determining if the C compiler works passed with the following output:
Change Dir: /seaquest/users/apun/abi_project/abi_module/b/CMakeFiles/CMakeTmp

Run Build Command:"/usr/bin/gmake" "cmTC_efcdf/fast"
/usr/bin/gmake -f CMakeFiles/cmTC_efcdf.dir/build.make CMakeFiles/cmTC_efcdf.dir/build
gmake[1]: Entering directory `/seaquest/users/apun/abi_project/abi_module/b/CMakeFiles/CMakeTmp'
Building C object CMakeFiles/cmTC_efcdf.dir/testCCompiler.c.o
/usr/bin/cc    -o CMakeFiles/cmTC_efcdf.dir/testCCompiler.c.o   -c /seaquest/users/apun/abi_project/abi_module/b/CMakeFiles/CMakeTmp/testCCompiler.c
Linking C executable cmTC_efcdf
/e906/app/software/osg/software/e1039/share/bin/cmake -E cmake_link_script CMakeFiles/cmTC_efcdf.dir/link.txt --verbose=1
/usr/bin/cc      -rdynamic CMakeFiles/cmTC_efcdf.dir/testCCompiler.c.o  -o cmTC_efcdf 
gmake[1]: Leaving directory `/seaquest/users/apun/abi_project/abi_module/b/CMakeFiles/CMakeTmp'


Detecting C compiler ABI info compiled with the following output:
Change Dir: /seaquest/users/apun/abi_project/abi_module/b/CMakeFiles/CMakeTmp

Run Build Command:"/usr/bin/gmake" "cmTC_c8719/fast"
/usr/bin/gmake -f CMakeFiles/cmTC_c8719.dir/build.make CMakeFiles/cmTC_c8719.dir/build
gmake[1]: Entering directory `/seaquest/users/apun/abi_project/abi_module/b/CMakeFiles/CMakeTmp'
Building C object CMakeFiles/cmTC_c8719.dir/CMakeCCompilerABI.c.o
/usr/bin/cc    -o CMakeFiles/cmTC_c8719.dir/CMakeCCompilerABI.c.o   -c /e906/app/software/osg/software/e1039/share/share/cmake-3.13/Modules/CMakeCCompilerABI.c
Linking C executable cmTC_c8719
/e906/app/software/osg/software/e1039/share/bin/cmake -E cmake_link_script CMakeFiles/cmTC_c8719.dir/link.txt --verbose=1
/usr/bin/cc     -v -rdynamic CMakeFiles/cmTC_c8719.dir/CMakeCCompilerABI.c.o  -o cmTC_c8719 
Using built-in specs.
COLLECT_GCC=/usr/bin/cc
COLLECT_LTO_WRAPPER=/usr/libexec/gcc/x86_64-redhat-linux/4.8.5/lto-wrapper
Target: x86_64-redhat-linux
Configured with: ../configure --prefix=/usr --mandir=/usr/share/man --infodir=/usr/share/info --with-bugurl=http://bugzilla.redhat.com/bugzilla --enable-bootstrap --enable-shared --enable-threads=posix --enable-checking=release --with-system-zlib --enable-__cxa_atexit --disable-libunwind-exceptions --enable-gnu-unique-object --enable-linker-build-id --with-linker-hash-style=gnu --enable-languages=c,c++,objc,obj-c++,java,fortran,ada,go,lto --enable-plugin --enable-initfini-array --disable-libgcj --with-isl=/builddir/build/BUILD/gcc-4.8.5-20150702/obj-x86_64-redhat-linux/isl-install --with-cloog=/builddir/build/BUILD/gcc-4.8.5-20150702/obj-x86_64-redhat-linux/cloog-install --enable-gnu-indirect-function --with-tune=generic --with-arch_32=x86-64 --build=x86_64-redhat-linux
Thread model: posix
gcc version 4.8.5 20150623 (Red Hat 4.8.5-39) (GCC) 
COMPILER_PATH=/usr/libexec/gcc/x86_64-redhat-linux/4.8.5/:/usr/libexec/gcc/x86_64-redhat-linux/4.8.5/:/usr/libexec/gcc/x86_64-redhat-linux/:/usr/lib/gcc/x86_64-redhat-linux/4.8.5/:/usr/lib/gcc/x86_64-redhat-linux/
LIBRARY_PATH=/e906/app/software/osg/software/e1039/share/lib/../lib64/:/e906/app/software/osg/software/e1039/share/lib64/../lib64/:/usr/lib/gcc/x86_64-redhat-linux/4.8.5/:/usr/lib/gcc/x86_64-redhat-linux/4.8.5/../../../../lib64/:/lib/../lib64/:/usr/lib/../lib64/:/e906/app/software/osg/software/e1039/core/pr.61/lib/:/e906/app/software/osg/software/e1039/share/lib/:/e906/app/software/osg/software/e1039/share/lib64/:./:/usr/lib/gcc/x86_64-redhat-linux/4.8.5/../../../:/lib/:/usr/lib/
COLLECT_GCC_OPTIONS='-v' '-rdynamic' '-o' 'cmTC_c8719' '-mtune=generic' '-march=x86-64'
 /usr/libexec/gcc/x86_64-redhat-linux/4.8.5/collect2 --build-id --no-add-needed --eh-frame-hdr --hash-style=gnu -m elf_x86_64 -export-dynamic -dynamic-linker /lib64/ld-linux-x86-64.so.2 -o cmTC_c8719 /usr/lib/gcc/x86_64-redhat-linux/4.8.5/../../../../lib64/crt1.o /usr/lib/gcc/x86_64-redhat-linux/4.8.5/../../../../lib64/crti.o /usr/lib/gcc/x86_64-redhat-linux/4.8.5/crtbegin.o -L/e906/app/software/osg/software/e1039/share/lib/../lib64 -L/e906/app/software/osg/software/e1039/share/lib64/../lib64 -L/usr/lib/gcc/x86_64-redhat-linux/4.8.5 -L/usr/lib/gcc/x86_64-redhat-linux/4.8.5/../../../../lib64 -L/lib/../lib64 -L/usr/lib/../lib64 -L/e906/app/software/osg/software/e1039/core/pr.61/lib -L/e906/app/software/osg/software/e1039/share/lib -L/e906/app/software/osg/software/e1039/share/lib64 -L. -L/usr/lib/gcc/x86_64-redhat-linux/4.8.5/../../.. CMakeFiles/cmTC_c8719.dir/CMakeCCompilerABI.c.o -lgcc --as-needed -lgcc_s --no-as-needed -lc -lgcc --as-needed -lgcc_s --no-as-needed /usr/lib/gcc/x86_64-redhat-linux/4.8.5/crtend.o /usr/lib/gcc/x86_64-redhat-linux/4.8.5/../../../../lib64/crtn.o
gmake[1]: Leaving directory `/seaquest/users/apun/abi_project/abi_module/b/CMakeFiles/CMakeTmp'


Parsed C implicit link information from above output:
  link line regex: [^( *|.*[/\])(ld|CMAKE_LINK_STARTFILE-NOTFOUND|([^/\]+-)?ld|collect2)[^/\]*( |$)]
  ignore line: [Change Dir: /seaquest/users/apun/abi_project/abi_module/b/CMakeFiles/CMakeTmp]
  ignore line: []
  ignore line: [Run Build Command:"/usr/bin/gmake" "cmTC_c8719/fast"]
  ignore line: [/usr/bin/gmake -f CMakeFiles/cmTC_c8719.dir/build.make CMakeFiles/cmTC_c8719.dir/build]
  ignore line: [gmake[1]: Entering directory `/seaquest/users/apun/abi_project/abi_module/b/CMakeFiles/CMakeTmp']
  ignore line: [Building C object CMakeFiles/cmTC_c8719.dir/CMakeCCompilerABI.c.o]
  ignore line: [/usr/bin/cc    -o CMakeFiles/cmTC_c8719.dir/CMakeCCompilerABI.c.o   -c /e906/app/software/osg/software/e1039/share/share/cmake-3.13/Modules/CMakeCCompilerABI.c]
  ignore line: [Linking C executable cmTC_c8719]
  ignore line: [/e906/app/software/osg/software/e1039/share/bin/cmake -E cmake_link_script CMakeFiles/cmTC_c8719.dir/link.txt --verbose=1]
  ignore line: [/usr/bin/cc     -v -rdynamic CMakeFiles/cmTC_c8719.dir/CMakeCCompilerABI.c.o  -o cmTC_c8719 ]
  ignore line: [Using built-in specs.]
  ignore line: [COLLECT_GCC=/usr/bin/cc]
  ignore line: [COLLECT_LTO_WRAPPER=/usr/libexec/gcc/x86_64-redhat-linux/4.8.5/lto-wrapper]
  ignore line: [Target: x86_64-redhat-linux]
  ignore line: [Configured with: ../configure --prefix=/usr --mandir=/usr/share/man --infodir=/usr/share/info --with-bugurl=http://bugzilla.redhat.com/bugzilla --enable-bootstrap --enable-shared --enable-threads=posix --enable-checking=release --with-system-zlib --enable-__cxa_atexit --disable-libunwind-exceptions --enable-gnu-unique-object --enable-linker-build-id --with-linker-hash-style=gnu --enable-languages=c,c++,objc,obj-c++,java,fortran,ada,go,lto --enable-plugin --enable-initfini-array --disable-libgcj --with-isl=/builddir/build/BUILD/gcc-4.8.5-20150702/obj-x86_64-redhat-linux/isl-install --with-cloog=/builddir/build/BUILD/gcc-4.8.5-20150702/obj-x86_64-redhat-linux/cloog-install --enable-gnu-indirect-function --with-tune=generic --with-arch_32=x86-64 --build=x86_64-redhat-linux]
  ignore line: [Thread model: posix]
  ignore line: [gcc version 4.8.5 20150623 (Red Hat 4.8.5-39) (GCC) ]
  ignore line: [COMPILER_PATH=/usr/libexec/gcc/x86_64-redhat-linux/4.8.5/:/usr/libexec/gcc/x86_64-redhat-linux/4.8.5/:/usr/libexec/gcc/x86_64-redhat-linux/:/usr/lib/gcc/x86_64-redhat-linux/4.8.5/:/usr/lib/gcc/x86_64-redhat-linux/]
  ignore line: [LIBRARY_PATH=/e906/app/software/osg/software/e1039/share/lib/../lib64/:/e906/app/software/osg/software/e1039/share/lib64/../lib64/:/usr/lib/gcc/x86_64-redhat-linux/4.8.5/:/usr/lib/gcc/x86_64-redhat-linux/4.8.5/../../../../lib64/:/lib/../lib64/:/usr/lib/../lib64/:/e906/app/software/osg/software/e1039/core/pr.61/lib/:/e906/app/software/osg/software/e1039/share/lib/:/e906/app/software/osg/software/e1039/share/lib64/:./:/usr/lib/gcc/x86_64-redhat-linux/4.8.5/../../../:/lib/:/usr/lib/]
  ignore line: [COLLECT_GCC_OPTIONS='-v' '-rdynamic' '-o' 'cmTC_c8719' '-mtune=generic' '-march=x86-64']
  link line: [ /usr/libexec/gcc/x86_64-redhat-linux/4.8.5/collect2 --build-id --no-add-needed --eh-frame-hdr --hash-style=gnu -m elf_x86_64 -export-dynamic -dynamic-linker /lib64/ld-linux-x86-64.so.2 -o cmTC_c8719 /usr/lib/gcc/x86_64-redhat-linux/4.8.5/../../../../lib64/crt1.o /usr/lib/gcc/x86_64-redhat-linux/4.8.5/../../../../lib64/crti.o /usr/lib/gcc/x86_64-redhat-linux/4.8.5/crtbegin.o -L/e906/app/software/osg/software/e1039/share/lib/../lib64 -L/e906/app/software/osg/software/e1039/share/lib64/../lib64 -L/usr/lib/gcc/x86_64-redhat-linux/4.8.5 -L/usr/lib/gcc/x86_64-redhat-linux/4.8.5/../../../../lib64 -L/lib/../lib64 -L/usr/lib/../lib64 -L/e906/app/software/osg/software/e1039/core/pr.61/lib -L/e906/app/software/osg/software/e1039/share/lib -L/e906/app/software/osg/software/e1039/share/lib64 -L. -L/usr/lib/gcc/x86_64-redhat-linux/4.8.5/../../.. CMakeFiles/cmTC_c8719.dir/CMakeCCompilerABI.c.o -lgcc --as-needed -lgcc_s --no-as-needed -lc -lgcc --as-needed -lgcc_s --no-as-needed /usr/lib/gcc/x86_64-redhat-linux/4.8.5/crtend.o /usr/lib/gcc/x86_64-redhat-linux/4.8.5/../../../../lib64/crtn.o]
    arg [/usr/libexec/gcc/x86_64-redhat-linux/4.8.5/collect2] ==> ignore
    arg [--build-id] ==> ignore
    arg [--no-add-needed] ==> ignore
    arg [--eh-frame-hdr] ==> ignore
    arg [--hash-style=gnu] ==> ignore
    arg [-m] ==> ignore
    arg [elf_x86_64] ==> ignore
    arg [-export-dynamic] ==> ignore
    arg [-dynamic-linker] ==> ignore
    arg [/lib64/ld-linux-x86-64.so.2] ==> ignore
    arg [-o] ==> ignore
    arg [cmTC_c8719] ==> ignore
    arg [/usr/lib/gcc/x86_64-redhat-linux/4.8.5/../../../../lib64/crt1.o] ==> ignore
    arg [/usr/lib/gcc/x86_64-redhat-linux/4.8.5/../../../../lib64/crti.o] ==> ignore
    arg [/usr/lib/gcc/x86_64-redhat-linux/4.8.5/crtbegin.o] ==> ignore
    arg [-L/e906/app/software/osg/software/e1039/share/lib/../lib64] ==> dir [/e906/app/software/osg/software/e1039/share/lib/../lib64]
    arg [-L/e906/app/software/osg/software/e1039/share/lib64/../lib64] ==> dir [/e906/app/software/osg/software/e1039/share/lib64/../lib64]
    arg [-L/usr/lib/gcc/x86_64-redhat-linux/4.8.5] ==> dir [/usr/lib/gcc/x86_64-redhat-linux/4.8.5]
    arg [-L/usr/lib/gcc/x86_64-redhat-linux/4.8.5/../../../../lib64] ==> dir [/usr/lib/gcc/x86_64-redhat-linux/4.8.5/../../../../lib64]
    arg [-L/lib/../lib64] ==> dir [/lib/../lib64]
    arg [-L/usr/lib/../lib64] ==> dir [/usr/lib/../lib64]
    arg [-L/e906/app/software/osg/software/e1039/core/pr.61/lib] ==> dir [/e906/app/software/osg/software/e1039/core/pr.61/lib]
    arg [-L/e906/app/software/osg/software/e1039/share/lib] ==> dir [/e906/app/software/osg/software/e1039/share/lib]
    arg [-L/e906/app/software/osg/software/e1039/share/lib64] ==> dir [/e906/app/software/osg/software/e1039/share/lib64]
    arg [-L.] ==> ignore
    arg [-L/usr/lib/gcc/x86_64-redhat-linux/4.8.5/../../..] ==> dir [/usr/lib/gcc/x86_64-redhat-linux/4.8.5/../../..]
    arg [CMakeFiles/cmTC_c8719.dir/CMakeCCompilerABI.c.o] ==> ignore
    arg [-lgcc] ==> lib [gcc]
    arg [--as-needed] ==> ignore
    arg [-lgcc_s] ==> lib [gcc_s]
    arg [--no-as-needed] ==> ignore
    arg [-lc] ==> lib [c]
    arg [-lgcc] ==> lib [gcc]
    arg [--as-needed] ==> ignore
    arg [-lgcc_s] ==> lib [gcc_s]
    arg [--no-as-needed] ==> ignore
    arg [/usr/lib/gcc/x86_64-redhat-linux/4.8.5/crtend.o] ==> ignore
    arg [/usr/lib/gcc/x86_64-redhat-linux/4.8.5/../../../../lib64/crtn.o] ==> ignore
  collapse library dir [/e906/app/software/osg/software/e1039/share/lib/../lib64] ==> [/e906/app/software/osg/software/e1039/share/lib64]
  collapse library dir [/e906/app/software/osg/software/e1039/share/lib64/../lib64] ==> [/e906/app/software/osg/software/e1039/share/lib64]
  collapse library dir [/usr/lib/gcc/x86_64-redhat-linux/4.8.5] ==> [/usr/lib/gcc/x86_64-redhat-linux/4.8.5]
  collapse library dir [/usr/lib/gcc/x86_64-redhat-linux/4.8.5/../../../../lib64] ==> [/usr/lib64]
  collapse library dir [/lib/../lib64] ==> [/lib64]
  collapse library dir [/usr/lib/../lib64] ==> [/usr/lib64]
  collapse library dir [/e906/app/software/osg/software/e1039/core/pr.61/lib] ==> [/e906/app/software/osg/software/e1039/core/pr.61/lib]
  collapse library dir [/e906/app/software/osg/software/e1039/share/lib] ==> [/e906/app/software/osg/software/e1039/share/lib]
  collapse library dir [/e906/app/software/osg/software/e1039/share/lib64] ==> [/e906/app/software/osg/software/e1039/share/lib64]
  collapse library dir [/usr/lib/gcc/x86_64-redhat-linux/4.8.5/../../..] ==> [/usr/lib]
  implicit libs: [gcc;gcc_s;c;gcc;gcc_s]
  implicit dirs: [/e906/app/software/osg/software/e1039/share/lib64;/usr/lib/gcc/x86_64-redhat-linux/4.8.5;/usr/lib64;/lib64;/e906/app/software/osg/software/e1039/core/pr.61/lib;/e906/app/software/osg/software/e1039/share/lib;/usr/lib]
  implicit fwks: []




Detecting C [-std=c11] compiler features compiled with the following output:
Change Dir: /seaquest/users/apun/abi_project/abi_module/b/CMakeFiles/CMakeTmp

Run Build Command:"/usr/bin/gmake" "cmTC_f29f7/fast"
/usr/bin/gmake -f CMakeFiles/cmTC_f29f7.dir/build.make CMakeFiles/cmTC_f29f7.dir/build
gmake[1]: Entering directory `/seaquest/users/apun/abi_project/abi_module/b/CMakeFiles/CMakeTmp'
Building C object CMakeFiles/cmTC_f29f7.dir/feature_tests.c.o
/usr/bin/cc   -std=c11 -o CMakeFiles/cmTC_f29f7.dir/feature_tests.c.o   -c /seaquest/users/apun/abi_project/abi_module/b/CMakeFiles/feature_tests.c
Linking C executable cmTC_f29f7
/e906/app/software/osg/software/e1039/share/bin/cmake -E cmake_link_script CMakeFiles/cmTC_f29f7.dir/link.txt --verbose=1
/usr/bin/cc      -rdynamic CMakeFiles/cmTC_f29f7.dir/feature_tests.c.o  -o cmTC_f29f7 
gmake[1]: Leaving directory `/seaquest/users/apun/abi_project/abi_module/b/CMakeFiles/CMakeTmp'


    Feature record: C_FEATURE:1c_function_prototypes
    Feature record: C_FEATURE:1c_restrict
    Feature record: C_FEATURE:1c_static_assert
    Feature record: C_FEATURE:1c_variadic_macros


Detecting C [-std=c99] compiler features compiled with the following output:
Change Dir: /seaquest/users/apun/abi_project/abi_module/b/CMakeFiles/CMakeTmp

Run Build Command:"/usr/bin/gmake" "cmTC_ddf73/fast"
/usr/bin/gmake -f CMakeFiles/cmTC_ddf73.dir/build.make CMakeFiles/cmTC_ddf73.dir/build
gmake[1]: Entering directory `/seaquest/users/apun/abi_project/abi_module/b/CMakeFiles/CMakeTmp'
Building C object CMakeFiles/cmTC_ddf73.dir/feature_tests.c.o
/usr/bin/cc   -std=c99 -o CMakeFiles/cmTC_ddf73.dir/feature_tests.c.o   -c /seaquest/users/apun/abi_project/abi_module/b/CMakeFiles/feature_tests.c
Linking C executable cmTC_ddf73
/e906/app/software/osg/software/e1039/share/bin/cmake -E cmake_link_script CMakeFiles/cmTC_ddf73.dir/link.txt --verbose=1
/usr/bin/cc      -rdynamic CMakeFiles/cmTC_ddf73.dir/feature_tests.c.o  -o cmTC_ddf73 
gmake[1]: Leaving directory `/seaquest/users/apun/abi_project/abi_module/b/CMakeFiles/CMakeTmp'


    Feature record: C_FEATURE:1c_function_prototypes
    Feature record: C_FEATURE:1c_restrict
    Feature record: C_FEATURE:0c_static_assert
    Feature record: C_FEATURE:1c_variadic_macros


Detecting C [-std=c90] compiler features compiled with the following output:
Change Dir: /seaquest/users/apun/abi_project/abi_module/b/CMakeFiles/CMakeTmp

Run Build Command:"/usr/bin/gmake" "cmTC_ad148/fast"
/usr/bin/gmake -f CMakeFiles/cmTC_ad148.dir/build.make CMakeFiles/cmTC_ad148.dir/build
gmake[1]: Entering directory `/seaquest/users/apun/abi_project/abi_module/b/CMakeFiles/CMakeTmp'
Building C object CMakeFiles/cmTC_ad148.dir/feature_tests.c.o
/usr/bin/cc   -std=c90 -o CMakeFiles/cmTC_ad148.dir/feature_tests.c.o   -c /seaquest/users/apun/abi_project/abi_module/b/CMakeFiles/feature_tests.c
Linking C executable cmTC_ad148
/e906/app/software/osg/software/e1039/share/bin/cmake -E cmake_link_script CMakeFiles/cmTC_ad148.dir/link.txt --verbose=1
/usr/bin/cc      -rdynamic CMakeFiles/cmTC_ad148.dir/feature_tests.c.o  -o cmTC_ad148 
gmake[1]: Leaving directory `/seaquest/users/apun/abi_project/abi_module/b/CMakeFiles/CMakeTmp'


    Feature record: C_FEATURE:1c_function_prototypes
    Feature record: C_FEATURE:0c_restrict
    Feature record: C_FEATURE:0c_static_assert
    Feature record: C_FEATURE:0c_variadic_macros
